1572468674804	mozrunner::runner	INFO	Running command: "/usr/bin/firefox" "-marionette" "-foreground" "-no-remote" "-profile" "/tmp/rust_mozprofilew8Mbf4"
1572468677559	addons.webextension.screenshots@mozilla.org	WARN	Loading extension 'screenshots@mozilla.org': Reading manifest: Invalid extension permission: mozillaAddons
1572468677560	addons.webextension.screenshots@mozilla.org	WARN	Loading extension 'screenshots@mozilla.org': Reading manifest: Invalid extension permission: telemetry
1572468677560	addons.webextension.screenshots@mozilla.org	WARN	Loading extension 'screenshots@mozilla.org': Reading manifest: Invalid extension permission: resource://pdf.js/
1572468677561	addons.webextension.screenshots@mozilla.org	WARN	Loading extension 'screenshots@mozilla.org': Reading manifest: Invalid extension permission: about:reader*
1572468684091	Marionette	INFO	Listening on port 38157
1572468684339	Marionette	WARN	TLS certificate errors will be ignored for this session

(/usr/lib/firefox/firefox:5670): dconf-WARNING **: 20:51:40.079: Unable to open /var/lib/snapd/desktop/dconf/profile/user: Permission denied
JavaScript warning: https://webmail.iinet.net.au/js/jQuery/jquery-1.3.2.min.js, line 1: unreachable code after return statement
JavaScript warning: https://webmail.iinet.net.au/js/jQuery/plugins/jquery.jcacher-1.0.0.js, line 1: unreachable code after return statement
console.error: BroadcastService: 
  receivedBroadcastMessage: handler for
  remote-settings/monitor_changes
  threw error:
  Message: Error: Polling for changes failed: http://%(server)s/dummy/blocklist//buckets/monitor/collections/changes/records?_expected=%221572443230107%22 is not a valid URL..
  Stack:
    remoteSettingsFunction/remoteSettings.pollChanges@resource://services-settings/remote-settings.js:201:13

JavaScript warning: https://webmail.iinet.net.au/js/jQuery/plugins/jquery.jcacher-1.0.0.js, line 1: unreachable code after return statement
JavaScript warning: https://webmail.iinet.net.au/js/jQuery/jquery-1.3.2.min.js, line 1: unreachable code after return statement
JavaScript warning: https://webmail.iinet.net.au/js/jQuery/plugins/jquery.jcacher-1.0.0.js, line 1: unreachable code after return statement
1572468963268	Marionette	INFO	Stopped listening on port 38157
1572469025862	mozrunner::runner	INFO	Running command: "/usr/bin/firefox" "-marionette" "-foreground" "-no-remote" "-profile" "/tmp/rust_mozprofilejPOnTt"
1572469029852	addons.webextension.screenshots@mozilla.org	WARN	Loading extension 'screenshots@mozilla.org': Reading manifest: Invalid extension permission: mozillaAddons
1572469029852	addons.webextension.screenshots@mozilla.org	WARN	Loading extension 'screenshots@mozilla.org': Reading manifest: Invalid extension permission: telemetry
1572469029853	addons.webextension.screenshots@mozilla.org	WARN	Loading extension 'screenshots@mozilla.org': Reading manifest: Invalid extension permission: resource://pdf.js/
1572469029853	addons.webextension.screenshots@mozilla.org	WARN	Loading extension 'screenshots@mozilla.org': Reading manifest: Invalid extension permission: about:reader*
1572469036084	Marionette	INFO	Listening on port 46353
1572469036122	Marionette	WARN	TLS certificate errors will be ignored for this session

(/usr/lib/firefox/firefox:6089): dconf-WARNING **: 20:57:28.281: Unable to open /var/lib/snapd/desktop/dconf/profile/user: Permission denied
JavaScript warning: https://webmail.iinet.net.au/js/jQuery/jquery-1.3.2.min.js, line 1: unreachable code after return statement
console.error: BroadcastService: 
  receivedBroadcastMessage: handler for
  remote-settings/monitor_changes
  threw error:
  Message: Error: Polling for changes failed: http://%(server)s/dummy/blocklist//buckets/monitor/collections/changes/records?_expected=%221572443230107%22 is not a valid URL..
  Stack:
    remoteSettingsFunction/remoteSettings.pollChanges@resource://services-settings/remote-settings.js:201:13

JavaScript warning: https://webmail.iinet.net.au/js/jQuery/plugins/jquery.jcacher-1.0.0.js, line 1: unreachable code after return statement
1572469145096	Marionette	INFO	Stopped listening on port 46353
1572469279810	mozrunner::runner	INFO	Running command: "/usr/bin/firefox" "-marionette" "-foreground" "-no-remote" "-profile" "/tmp/rust_mozprofileSFzjRS"
1572469282427	addons.webextension.screenshots@mozilla.org	WARN	Loading extension 'screenshots@mozilla.org': Reading manifest: Invalid extension permission: mozillaAddons
1572469282427	addons.webextension.screenshots@mozilla.org	WARN	Loading extension 'screenshots@mozilla.org': Reading manifest: Invalid extension permission: telemetry
1572469282427	addons.webextension.screenshots@mozilla.org	WARN	Loading extension 'screenshots@mozilla.org': Reading manifest: Invalid extension permission: resource://pdf.js/
1572469282427	addons.webextension.screenshots@mozilla.org	WARN	Loading extension 'screenshots@mozilla.org': Reading manifest: Invalid extension permission: about:reader*
1572469286847	Marionette	INFO	Listening on port 37851
1572469287142	Marionette	WARN	TLS certificate errors will be ignored for this session

(/usr/lib/firefox/firefox:6430): dconf-WARNING **: 21:01:42.976: Unable to open /var/lib/snapd/desktop/dconf/profile/user: Permission denied
console.error: BroadcastService: 
  receivedBroadcastMessage: handler for
  remote-settings/monitor_changes
  threw error:
  Message: Error: Polling for changes failed: http://%(server)s/dummy/blocklist//buckets/monitor/collections/changes/records?_expected=%221572443230107%22 is not a valid URL..
  Stack:
    remoteSettingsFunction/remoteSettings.pollChanges@resource://services-settings/remote-settings.js:201:13

JavaScript warning: https://webmail.iinet.net.au/js/jQuery/jquery-1.3.2.min.js, line 1: unreachable code after return statement
JavaScript warning: https://webmail.iinet.net.au/js/jQuery/plugins/jquery.jcacher-1.0.0.js, line 1: unreachable code after return statement
JavaScript warning: https://webmail.iinet.net.au/js/jQuery/plugins/jquery.jcacher-1.0.0.js, line 1: unreachable code after return statement
1572469375873	Marionette	INFO	Stopped listening on port 37851
Invalid port. Exiting...
